<?xml version="1.0" encoding="UTF-8"?>
<testng-results skipped="0" failed="0" ignored="0" total="4" passed="4">
  <reporter-output>
  </reporter-output>
  <suite name="End to End Alarm Testcases" duration-ms="99242" started-at="2023-02-09T19:49:08 AST" finished-at="2023-02-09T19:50:47 AST">
    <groups>
    </groups>
    <test name="Check First " duration-ms="33486" started-at="2023-02-09T19:49:08 AST" finished-at="2023-02-09T19:49:42 AST">
      <class name="TestCases.TC01_CheckFirst">
        <test-method status="PASS" signature="setupDriver()[pri:0, instance:TestCases.TC01_CheckFirst@4cfbaf4]" name="setupDriver" is-config="true" duration-ms="14925" started-at="2023-02-09T19:49:08 AST" finished-at="2023-02-09T19:49:23 AST">
          <reporter-output>
          </reporter-output>
        </test-method> <!-- setupDriver -->
        <test-method status="PASS" signature="CheckFirstCLock()[pri:1, instance:TestCases.TC01_CheckFirst@4cfbaf4]" name="CheckFirstCLock" duration-ms="17319" started-at="2023-02-09T19:49:23 AST" finished-at="2023-02-09T19:49:40 AST">
          <reporter-output>
          </reporter-output>
        </test-method> <!-- CheckFirstCLock -->
        <test-method status="PASS" signature="getresult(org.testng.ITestResult)[pri:0, instance:TestCases.TC01_CheckFirst@4cfbaf4]" name="getresult" is-config="true" duration-ms="5" started-at="2023-02-09T19:49:41 AST" finished-at="2023-02-09T19:49:41 AST">
          <params>
            <param index="0">
              <value>
                <![CDATA[[TestResult name=CheckFirstCLock status=SUCCESS method=TC01_CheckFirst.CheckFirstCLock()[pri:1, instance:TestCases.TC01_CheckFirst@4cfbaf4] output={null}]]]>
              </value>
            </param>
          </params>
          <reporter-output>
          </reporter-output>
        </test-method> <!-- getresult -->
        <test-method status="PASS" signature="TearDown()[pri:0, instance:TestCases.TC01_CheckFirst@4cfbaf4]" name="TearDown" is-config="true" duration-ms="1018" started-at="2023-02-09T19:49:41 AST" finished-at="2023-02-09T19:49:42 AST">
          <reporter-output>
          </reporter-output>
        </test-method> <!-- TearDown -->
      </class> <!-- TestCases.TC01_CheckFirst -->
    </test> <!-- Check First  -->
    <test name="Check Second " duration-ms="21312" started-at="2023-02-09T19:49:42 AST" finished-at="2023-02-09T19:50:03 AST">
      <class name="TestCases.TC02_CheckSecond">
        <test-method status="PASS" signature="setupDriver()[pri:0, instance:TestCases.TC02_CheckSecond@5a5c128]" name="setupDriver" is-config="true" duration-ms="9738" started-at="2023-02-09T19:49:42 AST" finished-at="2023-02-09T19:49:51 AST">
          <reporter-output>
          </reporter-output>
        </test-method> <!-- setupDriver -->
        <test-method status="PASS" signature="CheckSecondClock()[pri:2, instance:TestCases.TC02_CheckSecond@5a5c128]" name="CheckSecondClock" duration-ms="10927" started-at="2023-02-09T19:49:51 AST" finished-at="2023-02-09T19:50:02 AST">
          <reporter-output>
          </reporter-output>
        </test-method> <!-- CheckSecondClock -->
        <test-method status="PASS" signature="getresult(org.testng.ITestResult)[pri:0, instance:TestCases.TC02_CheckSecond@5a5c128]" name="getresult" is-config="true" duration-ms="1" started-at="2023-02-09T19:50:02 AST" finished-at="2023-02-09T19:50:02 AST">
          <params>
            <param index="0">
              <value>
                <![CDATA[[TestResult name=CheckSecondClock status=SUCCESS method=TC02_CheckSecond.CheckSecondClock()[pri:2, instance:TestCases.TC02_CheckSecond@5a5c128] output={null}]]]>
              </value>
            </param>
          </params>
          <reporter-output>
          </reporter-output>
        </test-method> <!-- getresult -->
        <test-method status="PASS" signature="TearDown()[pri:0, instance:TestCases.TC02_CheckSecond@5a5c128]" name="TearDown" is-config="true" duration-ms="638" started-at="2023-02-09T19:50:02 AST" finished-at="2023-02-09T19:50:03 AST">
          <reporter-output>
          </reporter-output>
        </test-method> <!-- TearDown -->
      </class> <!-- TestCases.TC02_CheckSecond -->
    </test> <!-- Check Second  -->
    <test name="Check Third " duration-ms="22060" started-at="2023-02-09T19:50:03 AST" finished-at="2023-02-09T19:50:25 AST">
      <class name="TestCases.TC03_CheckThird">
        <test-method status="PASS" signature="setupDriver()[pri:0, instance:TestCases.TC03_CheckThird@5a865416]" name="setupDriver" is-config="true" duration-ms="9397" started-at="2023-02-09T19:50:03 AST" finished-at="2023-02-09T19:50:12 AST">
          <reporter-output>
          </reporter-output>
        </test-method> <!-- setupDriver -->
        <test-method status="PASS" signature="CheckThirdCLock()[pri:3, instance:TestCases.TC03_CheckThird@5a865416]" name="CheckThirdCLock" duration-ms="12211" started-at="2023-02-09T19:50:12 AST" finished-at="2023-02-09T19:50:25 AST">
          <reporter-output>
          </reporter-output>
        </test-method> <!-- CheckThirdCLock -->
        <test-method status="PASS" signature="getresult(org.testng.ITestResult)[pri:0, instance:TestCases.TC03_CheckThird@5a865416]" name="getresult" is-config="true" duration-ms="1" started-at="2023-02-09T19:50:25 AST" finished-at="2023-02-09T19:50:25 AST">
          <params>
            <param index="0">
              <value>
                <![CDATA[[TestResult name=CheckThirdCLock status=SUCCESS method=TC03_CheckThird.CheckThirdCLock()[pri:3, instance:TestCases.TC03_CheckThird@5a865416] output={null}]]]>
              </value>
            </param>
          </params>
          <reporter-output>
          </reporter-output>
        </test-method> <!-- getresult -->
        <test-method status="PASS" signature="TearDown()[pri:0, instance:TestCases.TC03_CheckThird@5a865416]" name="TearDown" is-config="true" duration-ms="446" started-at="2023-02-09T19:50:25 AST" finished-at="2023-02-09T19:50:25 AST">
          <reporter-output>
          </reporter-output>
        </test-method> <!-- TearDown -->
      </class> <!-- TestCases.TC03_CheckThird -->
    </test> <!-- Check Third  -->
    <test name="Check Fourth " duration-ms="22324" started-at="2023-02-09T19:50:25 AST" finished-at="2023-02-09T19:50:47 AST">
      <class name="TestCases.TC04_CheckFourth">
        <test-method status="PASS" signature="setupDriver()[pri:0, instance:TestCases.TC04_CheckFourth@2fb5fe30]" name="setupDriver" is-config="true" duration-ms="9585" started-at="2023-02-09T19:50:25 AST" finished-at="2023-02-09T19:50:35 AST">
          <reporter-output>
          </reporter-output>
        </test-method> <!-- setupDriver -->
        <test-method status="PASS" signature="CheckFourthCLock()[pri:4, instance:TestCases.TC04_CheckFourth@2fb5fe30]" name="CheckFourthCLock" duration-ms="12151" started-at="2023-02-09T19:50:35 AST" finished-at="2023-02-09T19:50:47 AST">
          <reporter-output>
          </reporter-output>
        </test-method> <!-- CheckFourthCLock -->
        <test-method status="PASS" signature="getresult(org.testng.ITestResult)[pri:0, instance:TestCases.TC04_CheckFourth@2fb5fe30]" name="getresult" is-config="true" duration-ms="1" started-at="2023-02-09T19:50:47 AST" finished-at="2023-02-09T19:50:47 AST">
          <params>
            <param index="0">
              <value>
                <![CDATA[[TestResult name=CheckFourthCLock status=SUCCESS method=TC04_CheckFourth.CheckFourthCLock()[pri:4, instance:TestCases.TC04_CheckFourth@2fb5fe30] output={null}]]]>
              </value>
            </param>
          </params>
          <reporter-output>
          </reporter-output>
        </test-method> <!-- getresult -->
        <test-method status="PASS" signature="TearDown()[pri:0, instance:TestCases.TC04_CheckFourth@2fb5fe30]" name="TearDown" is-config="true" duration-ms="579" started-at="2023-02-09T19:50:47 AST" finished-at="2023-02-09T19:50:47 AST">
          <reporter-output>
          </reporter-output>
        </test-method> <!-- TearDown -->
      </class> <!-- TestCases.TC04_CheckFourth -->
    </test> <!-- Check Fourth  -->
  </suite> <!-- End to End Alarm Testcases -->
</testng-results>
